
*** Running vivado
    with args -log rv32i_soc_fpag_top.vds -m64 -product Vivado -mode batch -messageDb vivado.pb -notrace -source rv32i_soc_fpag_top.tcl


****** Vivado v2019.1 (64-bit)
  **** SW Build 2552052 on Fri May 24 14:47:09 MDT 2019
  **** IP Build 2548770 on Fri May 24 18:01:18 MDT 2019
    ** Copyright 1986-2019 Xilinx, Inc. All Rights Reserved.

source rv32i_soc_fpag_top.tcl -notrace
Command: synth_design -top rv32i_soc_fpag_top -part xc7a100tcsg324-1
Starting synth_design
Attempting to get a license for feature 'Synthesis' and/or device 'xc7a100t'
INFO: [Common 17-349] Got license for feature 'Synthesis' and/or device 'xc7a100t'
INFO: [Device 21-403] Loading part xc7a100tcsg324-1
INFO: Launching helper process for spawning children vivado processes
INFO: Helper process launched with PID 805190 
---------------------------------------------------------------------------------
Starting RTL Elaboration : Time (s): cpu = 00:00:01 ; elapsed = 00:00:02 . Memory (MB): peak = 1777.754 ; gain = 155.719 ; free physical = 7731 ; free virtual = 26883
---------------------------------------------------------------------------------
INFO: [Synth 8-6157] synthesizing module 'rv32i_soc_fpag_top' [/home/it/Chip_Design/final_microprocessor_soc/RV32_SoC_Design/src/soc/rv32i_soc_fpga_top.sv:1]
	Parameter DMEM_DEPTH bound to: 128 - type: integer 
	Parameter IMEM_DEPTH bound to: 128 - type: integer 
WARNING: [Synth 8-4446] all outputs are unconnected for this instance and logic may be removed [/home/it/Chip_Design/final_microprocessor_soc/RV32_SoC_Design/src/soc/rv32i_soc_fpga_top.sv:22]
INFO: [Synth 8-6157] synthesizing module 'STARTUPE2' [/home/it/Desktop/vivado/Vivado_2019_setup/Xilinx/Vivado/Vivado/2019.1/scripts/rt/data/unisim_comp.v:77870]
	Parameter PROG_USR bound to: FALSE - type: string 
	Parameter SIM_CCLK_FREQ bound to: 0.000000 - type: float 
INFO: [Synth 8-6155] done synthesizing module 'STARTUPE2' (1#1) [/home/it/Desktop/vivado/Vivado_2019_setup/Xilinx/Vivado/Vivado/2019.1/scripts/rt/data/unisim_comp.v:77870]
INFO: [Synth 8-6157] synthesizing module 'clk_div_by_2' [/home/it/Chip_Design/final_microprocessor_soc/RV32_SoC_Design/src/soc/rv32i_soc_fpga_top.sv:76]
INFO: [Synth 8-6155] done synthesizing module 'clk_div_by_2' (2#1) [/home/it/Chip_Design/final_microprocessor_soc/RV32_SoC_Design/src/soc/rv32i_soc_fpga_top.sv:76]
INFO: [Synth 8-6157] synthesizing module 'rv32i_soc' [/home/it/Chip_Design/final_microprocessor_soc/RV32_SoC_Design/src/soc/rv32i_soc.sv:2]
	Parameter DMEM_DEPTH bound to: 128 - type: integer 
	Parameter IMEM_DEPTH bound to: 128 - type: integer 
INFO: [Synth 8-6157] synthesizing module 'bidirec' [/home/it/Chip_Design/final_microprocessor_soc/RV32_SoC_Design/src/soc/uncore/gpio/bidirec.sv:13]
INFO: [Synth 8-6155] done synthesizing module 'bidirec' (3#1) [/home/it/Chip_Design/final_microprocessor_soc/RV32_SoC_Design/src/soc/uncore/gpio/bidirec.sv:13]
INFO: [Synth 8-6157] synthesizing module 'rv32i' [/home/it/Chip_Design/final_microprocessor_soc/RV32_SoC_Design/src/soc/core/rv32i_top.sv:1]
	Parameter DMEM_DEPTH bound to: 128 - type: integer 
	Parameter IMEM_DEPTH bound to: 128 - type: integer 
INFO: [Synth 8-6157] synthesizing module 'data_path' [/home/it/Chip_Design/final_microprocessor_soc/RV32_SoC_Design/src/soc/core/data_path.sv:3]
	Parameter DMEM_DEPTH bound to: 128 - type: integer 
	Parameter IMEM_DEPTH bound to: 128 - type: integer 
INFO: [Synth 8-6157] synthesizing module 'program_counter' [/home/it/Chip_Design/final_microprocessor_soc/RV32_SoC_Design/src/soc/core/program_counter.sv:1]
	Parameter MAX_LIMIT bound to: 800 - type: integer 
INFO: [Synth 8-6155] done synthesizing module 'program_counter' (4#1) [/home/it/Chip_Design/final_microprocessor_soc/RV32_SoC_Design/src/soc/core/program_counter.sv:1]
INFO: [Synth 8-6157] synthesizing module 'mux2x1' [/home/it/Chip_Design/final_microprocessor_soc/RV32_SoC_Design/src/soc/core/lib.sv:45]
	Parameter n bound to: 32 - type: integer 
INFO: [Synth 8-6155] done synthesizing module 'mux2x1' (5#1) [/home/it/Chip_Design/final_microprocessor_soc/RV32_SoC_Design/src/soc/core/lib.sv:45]
INFO: [Synth 8-6157] synthesizing module 'n_bit_reg' [/home/it/Chip_Design/final_microprocessor_soc/RV32_SoC_Design/src/soc/core/lib.sv:131]
	Parameter n bound to: 1 - type: integer 
	Parameter RESET_VALUE bound to: 0 - type: integer 
INFO: [Synth 8-6155] done synthesizing module 'n_bit_reg' (6#1) [/home/it/Chip_Design/final_microprocessor_soc/RV32_SoC_Design/src/soc/core/lib.sv:131]
INFO: [Synth 8-6157] synthesizing module 'n_bit_reg_wclr' [/home/it/Chip_Design/final_microprocessor_soc/RV32_SoC_Design/src/soc/core/lib.sv:156]
	Parameter n bound to: 64 - type: integer 
	Parameter RESET_VALUE bound to: 0 - type: integer 
	Parameter CLR_VALUE bound to: 0 - type: integer 
INFO: [Synth 8-6155] done synthesizing module 'n_bit_reg_wclr' (7#1) [/home/it/Chip_Design/final_microprocessor_soc/RV32_SoC_Design/src/soc/core/lib.sv:156]
INFO: [Synth 8-6157] synthesizing module 'n_bit_reg_wclr__parameterized0' [/home/it/Chip_Design/final_microprocessor_soc/RV32_SoC_Design/src/soc/core/lib.sv:156]
	Parameter n bound to: 32 - type: integer 
	Parameter RESET_VALUE bound to: 0 - type: integer 
	Parameter CLR_VALUE bound to: 19 - type: integer 
INFO: [Synth 8-6155] done synthesizing module 'n_bit_reg_wclr__parameterized0' (7#1) [/home/it/Chip_Design/final_microprocessor_soc/RV32_SoC_Design/src/soc/core/lib.sv:156]
INFO: [Synth 8-6157] synthesizing module 'n_bit_reg_wclr__parameterized1' [/home/it/Chip_Design/final_microprocessor_soc/RV32_SoC_Design/src/soc/core/lib.sv:156]
	Parameter n bound to: 96 - type: integer 
	Parameter RESET_VALUE bound to: 0 - type: integer 
	Parameter CLR_VALUE bound to: 0 - type: integer 
INFO: [Synth 8-6155] done synthesizing module 'n_bit_reg_wclr__parameterized1' (7#1) [/home/it/Chip_Design/final_microprocessor_soc/RV32_SoC_Design/src/soc/core/lib.sv:156]
INFO: [Synth 8-6157] synthesizing module 'reg_file' [/home/it/Chip_Design/final_microprocessor_soc/RV32_SoC_Design/src/soc/core/reg_file.sv:1]
	Parameter DEPTH bound to: 32 - type: integer 
	Parameter WIDTH bound to: 32 - type: integer 
INFO: [Synth 8-6155] done synthesizing module 'reg_file' (8#1) [/home/it/Chip_Design/final_microprocessor_soc/RV32_SoC_Design/src/soc/core/reg_file.sv:1]
INFO: [Synth 8-6157] synthesizing module 'imm_gen' [/home/it/Chip_Design/final_microprocessor_soc/RV32_SoC_Design/src/soc/core/imm_gen.sv:1]
INFO: [Synth 8-6157] synthesizing module 'one_hot_mux2x1' [/home/it/Chip_Design/final_microprocessor_soc/RV32_SoC_Design/src/soc/core/lib.sv:103]
	Parameter n bound to: 1 - type: integer 
INFO: [Synth 8-6155] done synthesizing module 'one_hot_mux2x1' (9#1) [/home/it/Chip_Design/final_microprocessor_soc/RV32_SoC_Design/src/soc/core/lib.sv:103]
INFO: [Synth 8-6157] synthesizing module 'one_hot_mux2x1__parameterized0' [/home/it/Chip_Design/final_microprocessor_soc/RV32_SoC_Design/src/soc/core/lib.sv:103]
	Parameter n bound to: 4 - type: integer 
INFO: [Synth 8-6155] done synthesizing module 'one_hot_mux2x1__parameterized0' (9#1) [/home/it/Chip_Design/final_microprocessor_soc/RV32_SoC_Design/src/soc/core/lib.sv:103]
INFO: [Synth 8-6157] synthesizing module 'mux2x1__parameterized0' [/home/it/Chip_Design/final_microprocessor_soc/RV32_SoC_Design/src/soc/core/lib.sv:45]
	Parameter n bound to: 8 - type: integer 
INFO: [Synth 8-6155] done synthesizing module 'mux2x1__parameterized0' (9#1) [/home/it/Chip_Design/final_microprocessor_soc/RV32_SoC_Design/src/soc/core/lib.sv:45]
INFO: [Synth 8-6157] synthesizing module 'mux2x1__parameterized1' [/home/it/Chip_Design/final_microprocessor_soc/RV32_SoC_Design/src/soc/core/lib.sv:45]
	Parameter n bound to: 11 - type: integer 
INFO: [Synth 8-6155] done synthesizing module 'mux2x1__parameterized1' (9#1) [/home/it/Chip_Design/final_microprocessor_soc/RV32_SoC_Design/src/soc/core/lib.sv:45]
INFO: [Synth 8-6157] synthesizing module 'one_hot_mux3x1' [/home/it/Chip_Design/final_microprocessor_soc/RV32_SoC_Design/src/soc/core/lib.sv:117]
	Parameter n bound to: 1 - type: integer 
INFO: [Synth 8-6155] done synthesizing module 'one_hot_mux3x1' (10#1) [/home/it/Chip_Design/final_microprocessor_soc/RV32_SoC_Design/src/soc/core/lib.sv:117]
INFO: [Synth 8-6155] done synthesizing module 'imm_gen' (11#1) [/home/it/Chip_Design/final_microprocessor_soc/RV32_SoC_Design/src/soc/core/imm_gen.sv:1]
INFO: [Synth 8-6157] synthesizing module 'n_bit_reg_wclr__parameterized2' [/home/it/Chip_Design/final_microprocessor_soc/RV32_SoC_Design/src/soc/core/lib.sv:156]
	Parameter n bound to: 190 - type: integer 
	Parameter RESET_VALUE bound to: 0 - type: integer 
	Parameter CLR_VALUE bound to: 0 - type: integer 
INFO: [Synth 8-6155] done synthesizing module 'n_bit_reg_wclr__parameterized2' (11#1) [/home/it/Chip_Design/final_microprocessor_soc/RV32_SoC_Design/src/soc/core/lib.sv:156]
INFO: [Synth 8-6157] synthesizing module 'mux3x1' [/home/it/Chip_Design/final_microprocessor_soc/RV32_SoC_Design/src/soc/core/lib.sv:62]
	Parameter n bound to: 32 - type: integer 
INFO: [Synth 8-6155] done synthesizing module 'mux3x1' (12#1) [/home/it/Chip_Design/final_microprocessor_soc/RV32_SoC_Design/src/soc/core/lib.sv:62]
INFO: [Synth 8-6157] synthesizing module 'alu' [/home/it/Chip_Design/final_microprocessor_soc/RV32_SoC_Design/src/soc/core/alu.sv:3]
INFO: [Synth 8-6157] synthesizing module 'n_bit_add_sub' [/home/it/Chip_Design/final_microprocessor_soc/RV32_SoC_Design/src/soc/core/alu.sv:42]
	Parameter n bound to: 32 - type: integer 
INFO: [Synth 8-6155] done synthesizing module 'n_bit_add_sub' (13#1) [/home/it/Chip_Design/final_microprocessor_soc/RV32_SoC_Design/src/soc/core/alu.sv:42]
INFO: [Synth 8-6155] done synthesizing module 'alu' (14#1) [/home/it/Chip_Design/final_microprocessor_soc/RV32_SoC_Design/src/soc/core/alu.sv:3]
INFO: [Synth 8-6157] synthesizing module 'n_bit_reg_wclr__parameterized3' [/home/it/Chip_Design/final_microprocessor_soc/RV32_SoC_Design/src/soc/core/lib.sv:156]
	Parameter n bound to: 180 - type: integer 
	Parameter RESET_VALUE bound to: 0 - type: integer 
	Parameter CLR_VALUE bound to: 0 - type: integer 
INFO: [Synth 8-6155] done synthesizing module 'n_bit_reg_wclr__parameterized3' (14#1) [/home/it/Chip_Design/final_microprocessor_soc/RV32_SoC_Design/src/soc/core/lib.sv:156]
INFO: [Synth 8-6157] synthesizing module 'one_hot_mux3x1__parameterized0' [/home/it/Chip_Design/final_microprocessor_soc/RV32_SoC_Design/src/soc/core/lib.sv:117]
	Parameter n bound to: 32 - type: integer 
INFO: [Synth 8-6155] done synthesizing module 'one_hot_mux3x1__parameterized0' (14#1) [/home/it/Chip_Design/final_microprocessor_soc/RV32_SoC_Design/src/soc/core/lib.sv:117]
INFO: [Synth 8-6157] synthesizing module 'n_bit_reg_wclr__parameterized4' [/home/it/Chip_Design/final_microprocessor_soc/RV32_SoC_Design/src/soc/core/lib.sv:156]
	Parameter n bound to: 39 - type: integer 
	Parameter RESET_VALUE bound to: 0 - type: integer 
	Parameter CLR_VALUE bound to: 0 - type: integer 
INFO: [Synth 8-6155] done synthesizing module 'n_bit_reg_wclr__parameterized4' (14#1) [/home/it/Chip_Design/final_microprocessor_soc/RV32_SoC_Design/src/soc/core/lib.sv:156]
INFO: [Synth 8-6155] done synthesizing module 'data_path' (15#1) [/home/it/Chip_Design/final_microprocessor_soc/RV32_SoC_Design/src/soc/core/data_path.sv:3]
INFO: [Synth 8-6157] synthesizing module 'control_unit' [/home/it/Chip_Design/final_microprocessor_soc/RV32_SoC_Design/src/soc/core/control_unit.sv:1]
INFO: [Synth 8-6157] synthesizing module 'decode_control' [/home/it/Chip_Design/final_microprocessor_soc/RV32_SoC_Design/src/soc/core/main_control.sv:13]
INFO: [Synth 8-6157] synthesizing module 'n_bit_dec_with_en' [/home/it/Chip_Design/final_microprocessor_soc/RV32_SoC_Design/src/soc/core/lib.sv:14]
	Parameter n bound to: 2 - type: integer 
INFO: [Synth 8-6155] done synthesizing module 'n_bit_dec_with_en' (16#1) [/home/it/Chip_Design/final_microprocessor_soc/RV32_SoC_Design/src/soc/core/lib.sv:14]
INFO: [Synth 8-6155] done synthesizing module 'decode_control' (17#1) [/home/it/Chip_Design/final_microprocessor_soc/RV32_SoC_Design/src/soc/core/main_control.sv:13]
INFO: [Synth 8-6157] synthesizing module 'alu_control' [/home/it/Chip_Design/final_microprocessor_soc/RV32_SoC_Design/src/soc/core/alu_control.sv:2]
	Parameter LOAD_STORE bound to: 2'b00 
	Parameter R_TYPE bound to: 2'b11 
	Parameter I_TYPE bound to: 2'b01 
	Parameter B_TYPE bound to: 2'b10 
INFO: [Synth 8-6155] done synthesizing module 'alu_control' (18#1) [/home/it/Chip_Design/final_microprocessor_soc/RV32_SoC_Design/src/soc/core/alu_control.sv:2]
INFO: [Synth 8-6157] synthesizing module 'branch_controller' [/home/it/Chip_Design/final_microprocessor_soc/RV32_SoC_Design/src/soc/core/branch_controller.sv:10]
INFO: [Synth 8-6155] done synthesizing module 'branch_controller' (19#1) [/home/it/Chip_Design/final_microprocessor_soc/RV32_SoC_Design/src/soc/core/branch_controller.sv:10]
INFO: [Synth 8-6157] synthesizing module 'forwarding_unit' [/home/it/Chip_Design/final_microprocessor_soc/RV32_SoC_Design/src/soc/core/forwarding_unit.sv:1]
WARNING: [Synth 8-589] replacing case/wildcard equality operator === with logical equality operator == [/home/it/Chip_Design/final_microprocessor_soc/RV32_SoC_Design/src/soc/core/forwarding_unit.sv:20]
WARNING: [Synth 8-589] replacing case/wildcard equality operator === with logical equality operator == [/home/it/Chip_Design/final_microprocessor_soc/RV32_SoC_Design/src/soc/core/forwarding_unit.sv:21]
WARNING: [Synth 8-589] replacing case/wildcard equality operator === with logical equality operator == [/home/it/Chip_Design/final_microprocessor_soc/RV32_SoC_Design/src/soc/core/forwarding_unit.sv:23]
WARNING: [Synth 8-589] replacing case/wildcard equality operator === with logical equality operator == [/home/it/Chip_Design/final_microprocessor_soc/RV32_SoC_Design/src/soc/core/forwarding_unit.sv:24]
WARNING: [Synth 8-589] replacing case/wildcard equality operator === with logical equality operator == [/home/it/Chip_Design/final_microprocessor_soc/RV32_SoC_Design/src/soc/core/forwarding_unit.sv:25]
WARNING: [Synth 8-589] replacing case/wildcard equality operator === with logical equality operator == [/home/it/Chip_Design/final_microprocessor_soc/RV32_SoC_Design/src/soc/core/forwarding_unit.sv:26]
WARNING: [Synth 8-589] replacing case/wildcard equality operator === with logical equality operator == [/home/it/Chip_Design/final_microprocessor_soc/RV32_SoC_Design/src/soc/core/forwarding_unit.sv:28]
INFO: [Synth 8-6155] done synthesizing module 'forwarding_unit' (20#1) [/home/it/Chip_Design/final_microprocessor_soc/RV32_SoC_Design/src/soc/core/forwarding_unit.sv:1]
INFO: [Synth 8-6157] synthesizing module 'hazard_handler' [/home/it/Chip_Design/final_microprocessor_soc/RV32_SoC_Design/src/soc/core/hazard_controller.sv:1]
WARNING: [Synth 8-589] replacing case/wildcard equality operator === with logical equality operator == [/home/it/Chip_Design/final_microprocessor_soc/RV32_SoC_Design/src/soc/core/hazard_controller.sv:16]
WARNING: [Synth 8-589] replacing case/wildcard equality operator === with logical equality operator == [/home/it/Chip_Design/final_microprocessor_soc/RV32_SoC_Design/src/soc/core/hazard_controller.sv:16]
INFO: [Synth 8-6155] done synthesizing module 'hazard_handler' (21#1) [/home/it/Chip_Design/final_microprocessor_soc/RV32_SoC_Design/src/soc/core/hazard_controller.sv:1]
INFO: [Synth 8-6157] synthesizing module 'pipeline_controller' [/home/it/Chip_Design/final_microprocessor_soc/RV32_SoC_Design/src/soc/core/pipeline_controller.sv:1]
INFO: [Synth 8-6155] done synthesizing module 'pipeline_controller' (22#1) [/home/it/Chip_Design/final_microprocessor_soc/RV32_SoC_Design/src/soc/core/pipeline_controller.sv:1]
INFO: [Synth 8-6155] done synthesizing module 'control_unit' (23#1) [/home/it/Chip_Design/final_microprocessor_soc/RV32_SoC_Design/src/soc/core/control_unit.sv:1]
INFO: [Synth 8-6155] done synthesizing module 'rv32i' (24#1) [/home/it/Chip_Design/final_microprocessor_soc/RV32_SoC_Design/src/soc/core/rv32i_top.sv:1]
INFO: [Synth 8-6157] synthesizing module 'wishbone_controller' [/home/it/Chip_Design/final_microprocessor_soc/RV32_SoC_Design/src/soc/WishboneInterconnect/wishbone_controller.sv:2]
INFO: [Synth 8-6157] synthesizing module 'store_aligner' [/home/it/Chip_Design/final_microprocessor_soc/RV32_SoC_Design/src/soc/core/alignment_units.sv:2]
INFO: [Synth 8-6157] synthesizing module 'n_bit_dec' [/home/it/Chip_Design/final_microprocessor_soc/RV32_SoC_Design/src/soc/core/lib.sv:4]
	Parameter n bound to: 2 - type: integer 
INFO: [Synth 8-6155] done synthesizing module 'n_bit_dec' (25#1) [/home/it/Chip_Design/final_microprocessor_soc/RV32_SoC_Design/src/soc/core/lib.sv:4]
INFO: [Synth 8-6157] synthesizing module 'one_hot_mux2x1__parameterized1' [/home/it/Chip_Design/final_microprocessor_soc/RV32_SoC_Design/src/soc/core/lib.sv:103]
	Parameter n bound to: 5 - type: integer 
INFO: [Synth 8-6155] done synthesizing module 'one_hot_mux2x1__parameterized1' (25#1) [/home/it/Chip_Design/final_microprocessor_soc/RV32_SoC_Design/src/soc/core/lib.sv:103]
INFO: [Synth 8-6157] synthesizing module 'n_bit_dec__parameterized0' [/home/it/Chip_Design/final_microprocessor_soc/RV32_SoC_Design/src/soc/core/lib.sv:4]
	Parameter n bound to: 1 - type: integer 
INFO: [Synth 8-6155] done synthesizing module 'n_bit_dec__parameterized0' (25#1) [/home/it/Chip_Design/final_microprocessor_soc/RV32_SoC_Design/src/soc/core/lib.sv:4]
INFO: [Synth 8-6157] synthesizing module 'one_hot_mux3x1__parameterized1' [/home/it/Chip_Design/final_microprocessor_soc/RV32_SoC_Design/src/soc/core/lib.sv:117]
	Parameter n bound to: 4 - type: integer 
INFO: [Synth 8-6155] done synthesizing module 'one_hot_mux3x1__parameterized1' (25#1) [/home/it/Chip_Design/final_microprocessor_soc/RV32_SoC_Design/src/soc/core/lib.sv:117]
INFO: [Synth 8-6155] done synthesizing module 'store_aligner' (26#1) [/home/it/Chip_Design/final_microprocessor_soc/RV32_SoC_Design/src/soc/core/alignment_units.sv:2]
INFO: [Synth 8-6157] synthesizing module 'n_bit_reg__parameterized0' [/home/it/Chip_Design/final_microprocessor_soc/RV32_SoC_Design/src/soc/core/lib.sv:131]
	Parameter n bound to: 5 - type: integer 
	Parameter RESET_VALUE bound to: 0 - type: integer 
INFO: [Synth 8-6155] done synthesizing module 'n_bit_reg__parameterized0' (26#1) [/home/it/Chip_Design/final_microprocessor_soc/RV32_SoC_Design/src/soc/core/lib.sv:131]
INFO: [Synth 8-6157] synthesizing module 'load_aligner' [/home/it/Chip_Design/final_microprocessor_soc/RV32_SoC_Design/src/soc/core/alignment_units.sv:88]
INFO: [Synth 8-6157] synthesizing module 'mux4x1' [/home/it/Chip_Design/final_microprocessor_soc/RV32_SoC_Design/src/soc/core/lib.sv:26]
	Parameter n bound to: 8 - type: integer 
INFO: [Synth 8-6155] done synthesizing module 'mux4x1' (27#1) [/home/it/Chip_Design/final_microprocessor_soc/RV32_SoC_Design/src/soc/core/lib.sv:26]
INFO: [Synth 8-6157] synthesizing module 'mux2x1__parameterized2' [/home/it/Chip_Design/final_microprocessor_soc/RV32_SoC_Design/src/soc/core/lib.sv:45]
	Parameter n bound to: 24 - type: integer 
INFO: [Synth 8-6155] done synthesizing module 'mux2x1__parameterized2' (27#1) [/home/it/Chip_Design/final_microprocessor_soc/RV32_SoC_Design/src/soc/core/lib.sv:45]
INFO: [Synth 8-6157] synthesizing module 'mux2x1__parameterized3' [/home/it/Chip_Design/final_microprocessor_soc/RV32_SoC_Design/src/soc/core/lib.sv:45]
	Parameter n bound to: 16 - type: integer 
INFO: [Synth 8-6155] done synthesizing module 'mux2x1__parameterized3' (27#1) [/home/it/Chip_Design/final_microprocessor_soc/RV32_SoC_Design/src/soc/core/lib.sv:45]
INFO: [Synth 8-6157] synthesizing module 'mux4x1__parameterized0' [/home/it/Chip_Design/final_microprocessor_soc/RV32_SoC_Design/src/soc/core/lib.sv:26]
	Parameter n bound to: 32 - type: integer 
INFO: [Synth 8-6155] done synthesizing module 'mux4x1__parameterized0' (27#1) [/home/it/Chip_Design/final_microprocessor_soc/RV32_SoC_Design/src/soc/core/lib.sv:26]
INFO: [Synth 8-6155] done synthesizing module 'load_aligner' (28#1) [/home/it/Chip_Design/final_microprocessor_soc/RV32_SoC_Design/src/soc/core/alignment_units.sv:88]
INFO: [Synth 8-6155] done synthesizing module 'wishbone_controller' (29#1) [/home/it/Chip_Design/final_microprocessor_soc/RV32_SoC_Design/src/soc/WishboneInterconnect/wishbone_controller.sv:2]
INFO: [Synth 8-6157] synthesizing module 'wb_intercon' [/home/it/Chip_Design/final_microprocessor_soc/RV32_SoC_Design/src/soc/WishboneInterconnect/wb_intercon.sv:1]
INFO: [Synth 8-6157] synthesizing module 'wb_mux' [/home/it/Chip_Design/final_microprocessor_soc/RV32_SoC_Design/src/soc/WishboneInterconnect/wb_intercon_1.2.2-r1/wb_mux.v:45]
	Parameter dw bound to: 32 - type: integer 
	Parameter aw bound to: 32 - type: integer 
	Parameter num_slaves bound to: 5 - type: integer 
	Parameter MATCH_ADDR bound to: 160'b0010000000000000000000100000000000000000000000000000000000000000000100000000000000000000000000000010000000000000000000010000000000100000000000000000000000000000 
	Parameter MATCH_MASK bound to: 160'b1111111111111111111111110000000011110000000000000000000000000000111100000000000000000000000000001111111111111111111111110000000011111111111111111111111100000000 
	Parameter slave_sel_bits bound to: 3 - type: integer 
INFO: [Synth 8-6155] done synthesizing module 'wb_mux' (30#1) [/home/it/Chip_Design/final_microprocessor_soc/RV32_SoC_Design/src/soc/WishboneInterconnect/wb_intercon_1.2.2-r1/wb_mux.v:45]
INFO: [Synth 8-6155] done synthesizing module 'wb_intercon' (31#1) [/home/it/Chip_Design/final_microprocessor_soc/RV32_SoC_Design/src/soc/WishboneInterconnect/wb_intercon.sv:1]
INFO: [Synth 8-6157] synthesizing module 'gpio_top' [/home/it/Chip_Design/final_microprocessor_soc/RV32_SoC_Design/src/soc/uncore/gpio/gpio_top.sv:115]
	Parameter dw bound to: 32 - type: integer 
	Parameter aw bound to: 8 - type: integer 
	Parameter gw bound to: 32 - type: integer 
WARNING: [Synth 8-3848] Net wb_err_o in module/entity gpio_top does not have driver. [/home/it/Chip_Design/final_microprocessor_soc/RV32_SoC_Design/src/soc/uncore/gpio/gpio_top.sv:142]
WARNING: [Synth 8-3848] Net wb_inta_o in module/entity gpio_top does not have driver. [/home/it/Chip_Design/final_microprocessor_soc/RV32_SoC_Design/src/soc/uncore/gpio/gpio_top.sv:143]
INFO: [Synth 8-6155] done synthesizing module 'gpio_top' (32#1) [/home/it/Chip_Design/final_microprocessor_soc/RV32_SoC_Design/src/soc/uncore/gpio/gpio_top.sv:115]
INFO: [Synth 8-6157] synthesizing module 'data_mem' [/home/it/Chip_Design/final_microprocessor_soc/RV32_SoC_Design/src/soc/core/data_mem.sv:3]
	Parameter DEPTH bound to: 128 - type: integer 
INFO: [Synth 8-6157] synthesizing module 'n_bit_reg__parameterized1' [/home/it/Chip_Design/final_microprocessor_soc/RV32_SoC_Design/src/soc/core/lib.sv:131]
	Parameter n bound to: 32 - type: integer 
	Parameter RESET_VALUE bound to: 0 - type: integer 
INFO: [Synth 8-6155] done synthesizing module 'n_bit_reg__parameterized1' (32#1) [/home/it/Chip_Design/final_microprocessor_soc/RV32_SoC_Design/src/soc/core/lib.sv:131]
INFO: [Synth 8-6155] done synthesizing module 'data_mem' (33#1) [/home/it/Chip_Design/final_microprocessor_soc/RV32_SoC_Design/src/soc/core/data_mem.sv:3]
INFO: [Synth 8-6157] synthesizing module 'rom' [/home/it/Chip_Design/final_microprocessor_soc/RV32_SoC_Design/src/soc/core/rom.sv:1]
WARNING: [Synth 8-2898] ignoring malformed $readmem task: invalid memory name [/home/it/Chip_Design/final_microprocessor_soc/RV32_SoC_Design/src/soc/core/rom.sv:8]
WARNING: [Synth 8-3848] Net rom[14] in module/entity rom does not have driver. [/home/it/Chip_Design/final_microprocessor_soc/RV32_SoC_Design/src/soc/core/rom.sv:6]
WARNING: [Synth 8-3848] Net rom[15] in module/entity rom does not have driver. [/home/it/Chip_Design/final_microprocessor_soc/RV32_SoC_Design/src/soc/core/rom.sv:6]
WARNING: [Synth 8-3848] Net rom[16] in module/entity rom does not have driver. [/home/it/Chip_Design/final_microprocessor_soc/RV32_SoC_Design/src/soc/core/rom.sv:6]
WARNING: [Synth 8-3848] Net rom[17] in module/entity rom does not have driver. [/home/it/Chip_Design/final_microprocessor_soc/RV32_SoC_Design/src/soc/core/rom.sv:6]
WARNING: [Synth 8-3848] Net rom[18] in module/entity rom does not have driver. [/home/it/Chip_Design/final_microprocessor_soc/RV32_SoC_Design/src/soc/core/rom.sv:6]
WARNING: [Synth 8-3848] Net rom[19] in module/entity rom does not have driver. [/home/it/Chip_Design/final_microprocessor_soc/RV32_SoC_Design/src/soc/core/rom.sv:6]
WARNING: [Synth 8-3848] Net rom[20] in module/entity rom does not have driver. [/home/it/Chip_Design/final_microprocessor_soc/RV32_SoC_Design/src/soc/core/rom.sv:6]
WARNING: [Synth 8-3848] Net rom[21] in module/entity rom does not have driver. [/home/it/Chip_Design/final_microprocessor_soc/RV32_SoC_Design/src/soc/core/rom.sv:6]
WARNING: [Synth 8-3848] Net rom[22] in module/entity rom does not have driver. [/home/it/Chip_Design/final_microprocessor_soc/RV32_SoC_Design/src/soc/core/rom.sv:6]
WARNING: [Synth 8-3848] Net rom[23] in module/entity rom does not have driver. [/home/it/Chip_Design/final_microprocessor_soc/RV32_SoC_Design/src/soc/core/rom.sv:6]
WARNING: [Synth 8-3848] Net rom[24] in module/entity rom does not have driver. [/home/it/Chip_Design/final_microprocessor_soc/RV32_SoC_Design/src/soc/core/rom.sv:6]
WARNING: [Synth 8-3848] Net rom[25] in module/entity rom does not have driver. [/home/it/Chip_Design/final_microprocessor_soc/RV32_SoC_Design/src/soc/core/rom.sv:6]
WARNING: [Synth 8-3848] Net rom[26] in module/entity rom does not have driver. [/home/it/Chip_Design/final_microprocessor_soc/RV32_SoC_Design/src/soc/core/rom.sv:6]
WARNING: [Synth 8-3848] Net rom[27] in module/entity rom does not have driver. [/home/it/Chip_Design/final_microprocessor_soc/RV32_SoC_Design/src/soc/core/rom.sv:6]
WARNING: [Synth 8-3848] Net rom[28] in module/entity rom does not have driver. [/home/it/Chip_Design/final_microprocessor_soc/RV32_SoC_Design/src/soc/core/rom.sv:6]
WARNING: [Synth 8-3848] Net rom[29] in module/entity rom does not have driver. [/home/it/Chip_Design/final_microprocessor_soc/RV32_SoC_Design/src/soc/core/rom.sv:6]
WARNING: [Synth 8-3848] Net rom[30] in module/entity rom does not have driver. [/home/it/Chip_Design/final_microprocessor_soc/RV32_SoC_Design/src/soc/core/rom.sv:6]
WARNING: [Synth 8-3848] Net rom[31] in module/entity rom does not have driver. [/home/it/Chip_Design/final_microprocessor_soc/RV32_SoC_Design/src/soc/core/rom.sv:6]
WARNING: [Synth 8-3848] Net rom[32] in module/entity rom does not have driver. [/home/it/Chip_Design/final_microprocessor_soc/RV32_SoC_Design/src/soc/core/rom.sv:6]
WARNING: [Synth 8-3848] Net rom[33] in module/entity rom does not have driver. [/home/it/Chip_Design/final_microprocessor_soc/RV32_SoC_Design/src/soc/core/rom.sv:6]
WARNING: [Synth 8-3848] Net rom[34] in module/entity rom does not have driver. [/home/it/Chip_Design/final_microprocessor_soc/RV32_SoC_Design/src/soc/core/rom.sv:6]
WARNING: [Synth 8-3848] Net rom[35] in module/entity rom does not have driver. [/home/it/Chip_Design/final_microprocessor_soc/RV32_SoC_Design/src/soc/core/rom.sv:6]
WARNING: [Synth 8-3848] Net rom[36] in module/entity rom does not have driver. [/home/it/Chip_Design/final_microprocessor_soc/RV32_SoC_Design/src/soc/core/rom.sv:6]
WARNING: [Synth 8-3848] Net rom[37] in module/entity rom does not have driver. [/home/it/Chip_Design/final_microprocessor_soc/RV32_SoC_Design/src/soc/core/rom.sv:6]
WARNING: [Synth 8-3848] Net rom[38] in module/entity rom does not have driver. [/home/it/Chip_Design/final_microprocessor_soc/RV32_SoC_Design/src/soc/core/rom.sv:6]
WARNING: [Synth 8-3848] Net rom[39] in module/entity rom does not have driver. [/home/it/Chip_Design/final_microprocessor_soc/RV32_SoC_Design/src/soc/core/rom.sv:6]
WARNING: [Synth 8-3848] Net rom[40] in module/entity rom does not have driver. [/home/it/Chip_Design/final_microprocessor_soc/RV32_SoC_Design/src/soc/core/rom.sv:6]
WARNING: [Synth 8-3848] Net rom[41] in module/entity rom does not have driver. [/home/it/Chip_Design/final_microprocessor_soc/RV32_SoC_Design/src/soc/core/rom.sv:6]
WARNING: [Synth 8-3848] Net rom[42] in module/entity rom does not have driver. [/home/it/Chip_Design/final_microprocessor_soc/RV32_SoC_Design/src/soc/core/rom.sv:6]
WARNING: [Synth 8-3848] Net rom[43] in module/entity rom does not have driver. [/home/it/Chip_Design/final_microprocessor_soc/RV32_SoC_Design/src/soc/core/rom.sv:6]
WARNING: [Synth 8-3848] Net rom[44] in module/entity rom does not have driver. [/home/it/Chip_Design/final_microprocessor_soc/RV32_SoC_Design/src/soc/core/rom.sv:6]
WARNING: [Synth 8-3848] Net rom[45] in module/entity rom does not have driver. [/home/it/Chip_Design/final_microprocessor_soc/RV32_SoC_Design/src/soc/core/rom.sv:6]
WARNING: [Synth 8-3848] Net rom[46] in module/entity rom does not have driver. [/home/it/Chip_Design/final_microprocessor_soc/RV32_SoC_Design/src/soc/core/rom.sv:6]
WARNING: [Synth 8-3848] Net rom[47] in module/entity rom does not have driver. [/home/it/Chip_Design/final_microprocessor_soc/RV32_SoC_Design/src/soc/core/rom.sv:6]
WARNING: [Synth 8-3848] Net rom[48] in module/entity rom does not have driver. [/home/it/Chip_Design/final_microprocessor_soc/RV32_SoC_Design/src/soc/core/rom.sv:6]
WARNING: [Synth 8-3848] Net rom[49] in module/entity rom does not have driver. [/home/it/Chip_Design/final_microprocessor_soc/RV32_SoC_Design/src/soc/core/rom.sv:6]
WARNING: [Synth 8-3848] Net rom[50] in module/entity rom does not have driver. [/home/it/Chip_Design/final_microprocessor_soc/RV32_SoC_Design/src/soc/core/rom.sv:6]
WARNING: [Synth 8-3848] Net rom[51] in module/entity rom does not have driver. [/home/it/Chip_Design/final_microprocessor_soc/RV32_SoC_Design/src/soc/core/rom.sv:6]
WARNING: [Synth 8-3848] Net rom[52] in module/entity rom does not have driver. [/home/it/Chip_Design/final_microprocessor_soc/RV32_SoC_Design/src/soc/core/rom.sv:6]
WARNING: [Synth 8-3848] Net rom[53] in module/entity rom does not have driver. [/home/it/Chip_Design/final_microprocessor_soc/RV32_SoC_Design/src/soc/core/rom.sv:6]
WARNING: [Synth 8-3848] Net rom[54] in module/entity rom does not have driver. [/home/it/Chip_Design/final_microprocessor_soc/RV32_SoC_Design/src/soc/core/rom.sv:6]
WARNING: [Synth 8-3848] Net rom[55] in module/entity rom does not have driver. [/home/it/Chip_Design/final_microprocessor_soc/RV32_SoC_Design/src/soc/core/rom.sv:6]
WARNING: [Synth 8-3848] Net rom[56] in module/entity rom does not have driver. [/home/it/Chip_Design/final_microprocessor_soc/RV32_SoC_Design/src/soc/core/rom.sv:6]
WARNING: [Synth 8-3848] Net rom[57] in module/entity rom does not have driver. [/home/it/Chip_Design/final_microprocessor_soc/RV32_SoC_Design/src/soc/core/rom.sv:6]
WARNING: [Synth 8-3848] Net rom[58] in module/entity rom does not have driver. [/home/it/Chip_Design/final_microprocessor_soc/RV32_SoC_Design/src/soc/core/rom.sv:6]
WARNING: [Synth 8-3848] Net rom[59] in module/entity rom does not have driver. [/home/it/Chip_Design/final_microprocessor_soc/RV32_SoC_Design/src/soc/core/rom.sv:6]
WARNING: [Synth 8-3848] Net rom[60] in module/entity rom does not have driver. [/home/it/Chip_Design/final_microprocessor_soc/RV32_SoC_Design/src/soc/core/rom.sv:6]
WARNING: [Synth 8-3848] Net rom[61] in module/entity rom does not have driver. [/home/it/Chip_Design/final_microprocessor_soc/RV32_SoC_Design/src/soc/core/rom.sv:6]
WARNING: [Synth 8-3848] Net rom[62] in module/entity rom does not have driver. [/home/it/Chip_Design/final_microprocessor_soc/RV32_SoC_Design/src/soc/core/rom.sv:6]
WARNING: [Synth 8-3848] Net rom[63] in module/entity rom does not have driver. [/home/it/Chip_Design/final_microprocessor_soc/RV32_SoC_Design/src/soc/core/rom.sv:6]
WARNING: [Synth 8-3848] Net rom[64] in module/entity rom does not have driver. [/home/it/Chip_Design/final_microprocessor_soc/RV32_SoC_Design/src/soc/core/rom.sv:6]
WARNING: [Synth 8-3848] Net rom[65] in module/entity rom does not have driver. [/home/it/Chip_Design/final_microprocessor_soc/RV32_SoC_Design/src/soc/core/rom.sv:6]
WARNING: [Synth 8-3848] Net rom[66] in module/entity rom does not have driver. [/home/it/Chip_Design/final_microprocessor_soc/RV32_SoC_Design/src/soc/core/rom.sv:6]
WARNING: [Synth 8-3848] Net rom[67] in module/entity rom does not have driver. [/home/it/Chip_Design/final_microprocessor_soc/RV32_SoC_Design/src/soc/core/rom.sv:6]
WARNING: [Synth 8-3848] Net rom[68] in module/entity rom does not have driver. [/home/it/Chip_Design/final_microprocessor_soc/RV32_SoC_Design/src/soc/core/rom.sv:6]
WARNING: [Synth 8-3848] Net rom[69] in module/entity rom does not have driver. [/home/it/Chip_Design/final_microprocessor_soc/RV32_SoC_Design/src/soc/core/rom.sv:6]
WARNING: [Synth 8-3848] Net rom[70] in module/entity rom does not have driver. [/home/it/Chip_Design/final_microprocessor_soc/RV32_SoC_Design/src/soc/core/rom.sv:6]
WARNING: [Synth 8-3848] Net rom[71] in module/entity rom does not have driver. [/home/it/Chip_Design/final_microprocessor_soc/RV32_SoC_Design/src/soc/core/rom.sv:6]
WARNING: [Synth 8-3848] Net rom[72] in module/entity rom does not have driver. [/home/it/Chip_Design/final_microprocessor_soc/RV32_SoC_Design/src/soc/core/rom.sv:6]
WARNING: [Synth 8-3848] Net rom[73] in module/entity rom does not have driver. [/home/it/Chip_Design/final_microprocessor_soc/RV32_SoC_Design/src/soc/core/rom.sv:6]
WARNING: [Synth 8-3848] Net rom[74] in module/entity rom does not have driver. [/home/it/Chip_Design/final_microprocessor_soc/RV32_SoC_Design/src/soc/core/rom.sv:6]
WARNING: [Synth 8-3848] Net rom[75] in module/entity rom does not have driver. [/home/it/Chip_Design/final_microprocessor_soc/RV32_SoC_Design/src/soc/core/rom.sv:6]
WARNING: [Synth 8-3848] Net rom[76] in module/entity rom does not have driver. [/home/it/Chip_Design/final_microprocessor_soc/RV32_SoC_Design/src/soc/core/rom.sv:6]
WARNING: [Synth 8-3848] Net rom[77] in module/entity rom does not have driver. [/home/it/Chip_Design/final_microprocessor_soc/RV32_SoC_Design/src/soc/core/rom.sv:6]
WARNING: [Synth 8-3848] Net rom[78] in module/entity rom does not have driver. [/home/it/Chip_Design/final_microprocessor_soc/RV32_SoC_Design/src/soc/core/rom.sv:6]
WARNING: [Synth 8-3848] Net rom[79] in module/entity rom does not have driver. [/home/it/Chip_Design/final_microprocessor_soc/RV32_SoC_Design/src/soc/core/rom.sv:6]
WARNING: [Synth 8-3848] Net rom[80] in module/entity rom does not have driver. [/home/it/Chip_Design/final_microprocessor_soc/RV32_SoC_Design/src/soc/core/rom.sv:6]
WARNING: [Synth 8-3848] Net rom[81] in module/entity rom does not have driver. [/home/it/Chip_Design/final_microprocessor_soc/RV32_SoC_Design/src/soc/core/rom.sv:6]
WARNING: [Synth 8-3848] Net rom[82] in module/entity rom does not have driver. [/home/it/Chip_Design/final_microprocessor_soc/RV32_SoC_Design/src/soc/core/rom.sv:6]
WARNING: [Synth 8-3848] Net rom[83] in module/entity rom does not have driver. [/home/it/Chip_Design/final_microprocessor_soc/RV32_SoC_Design/src/soc/core/rom.sv:6]
WARNING: [Synth 8-3848] Net rom[84] in module/entity rom does not have driver. [/home/it/Chip_Design/final_microprocessor_soc/RV32_SoC_Design/src/soc/core/rom.sv:6]
WARNING: [Synth 8-3848] Net rom[85] in module/entity rom does not have driver. [/home/it/Chip_Design/final_microprocessor_soc/RV32_SoC_Design/src/soc/core/rom.sv:6]
WARNING: [Synth 8-3848] Net rom[86] in module/entity rom does not have driver. [/home/it/Chip_Design/final_microprocessor_soc/RV32_SoC_Design/src/soc/core/rom.sv:6]
WARNING: [Synth 8-3848] Net rom[87] in module/entity rom does not have driver. [/home/it/Chip_Design/final_microprocessor_soc/RV32_SoC_Design/src/soc/core/rom.sv:6]
WARNING: [Synth 8-3848] Net rom[88] in module/entity rom does not have driver. [/home/it/Chip_Design/final_microprocessor_soc/RV32_SoC_Design/src/soc/core/rom.sv:6]
WARNING: [Synth 8-3848] Net rom[89] in module/entity rom does not have driver. [/home/it/Chip_Design/final_microprocessor_soc/RV32_SoC_Design/src/soc/core/rom.sv:6]
WARNING: [Synth 8-3848] Net rom[90] in module/entity rom does not have driver. [/home/it/Chip_Design/final_microprocessor_soc/RV32_SoC_Design/src/soc/core/rom.sv:6]
WARNING: [Synth 8-3848] Net rom[91] in module/entity rom does not have driver. [/home/it/Chip_Design/final_microprocessor_soc/RV32_SoC_Design/src/soc/core/rom.sv:6]
WARNING: [Synth 8-3848] Net rom[92] in module/entity rom does not have driver. [/home/it/Chip_Design/final_microprocessor_soc/RV32_SoC_Design/src/soc/core/rom.sv:6]
WARNING: [Synth 8-3848] Net rom[93] in module/entity rom does not have driver. [/home/it/Chip_Design/final_microprocessor_soc/RV32_SoC_Design/src/soc/core/rom.sv:6]
WARNING: [Synth 8-3848] Net rom[94] in module/entity rom does not have driver. [/home/it/Chip_Design/final_microprocessor_soc/RV32_SoC_Design/src/soc/core/rom.sv:6]
WARNING: [Synth 8-3848] Net rom[95] in module/entity rom does not have driver. [/home/it/Chip_Design/final_microprocessor_soc/RV32_SoC_Design/src/soc/core/rom.sv:6]
WARNING: [Synth 8-3848] Net rom[96] in module/entity rom does not have driver. [/home/it/Chip_Design/final_microprocessor_soc/RV32_SoC_Design/src/soc/core/rom.sv:6]
WARNING: [Synth 8-3848] Net rom[97] in module/entity rom does not have driver. [/home/it/Chip_Design/final_microprocessor_soc/RV32_SoC_Design/src/soc/core/rom.sv:6]
WARNING: [Synth 8-3848] Net rom[98] in module/entity rom does not have driver. [/home/it/Chip_Design/final_microprocessor_soc/RV32_SoC_Design/src/soc/core/rom.sv:6]
WARNING: [Synth 8-3848] Net rom[99] in module/entity rom does not have driver. [/home/it/Chip_Design/final_microprocessor_soc/RV32_SoC_Design/src/soc/core/rom.sv:6]
WARNING: [Synth 8-3848] Net rom[100] in module/entity rom does not have driver. [/home/it/Chip_Design/final_microprocessor_soc/RV32_SoC_Design/src/soc/core/rom.sv:6]
WARNING: [Synth 8-3848] Net rom[101] in module/entity rom does not have driver. [/home/it/Chip_Design/final_microprocessor_soc/RV32_SoC_Design/src/soc/core/rom.sv:6]
WARNING: [Synth 8-3848] Net rom[102] in module/entity rom does not have driver. [/home/it/Chip_Design/final_microprocessor_soc/RV32_SoC_Design/src/soc/core/rom.sv:6]
WARNING: [Synth 8-3848] Net rom[103] in module/entity rom does not have driver. [/home/it/Chip_Design/final_microprocessor_soc/RV32_SoC_Design/src/soc/core/rom.sv:6]
WARNING: [Synth 8-3848] Net rom[104] in module/entity rom does not have driver. [/home/it/Chip_Design/final_microprocessor_soc/RV32_SoC_Design/src/soc/core/rom.sv:6]
WARNING: [Synth 8-3848] Net rom[105] in module/entity rom does not have driver. [/home/it/Chip_Design/final_microprocessor_soc/RV32_SoC_Design/src/soc/core/rom.sv:6]
WARNING: [Synth 8-3848] Net rom[106] in module/entity rom does not have driver. [/home/it/Chip_Design/final_microprocessor_soc/RV32_SoC_Design/src/soc/core/rom.sv:6]
WARNING: [Synth 8-3848] Net rom[107] in module/entity rom does not have driver. [/home/it/Chip_Design/final_microprocessor_soc/RV32_SoC_Design/src/soc/core/rom.sv:6]
WARNING: [Synth 8-3848] Net rom[108] in module/entity rom does not have driver. [/home/it/Chip_Design/final_microprocessor_soc/RV32_SoC_Design/src/soc/core/rom.sv:6]
WARNING: [Synth 8-3848] Net rom[109] in module/entity rom does not have driver. [/home/it/Chip_Design/final_microprocessor_soc/RV32_SoC_Design/src/soc/core/rom.sv:6]
WARNING: [Synth 8-3848] Net rom[110] in module/entity rom does not have driver. [/home/it/Chip_Design/final_microprocessor_soc/RV32_SoC_Design/src/soc/core/rom.sv:6]
WARNING: [Synth 8-3848] Net rom[111] in module/entity rom does not have driver. [/home/it/Chip_Design/final_microprocessor_soc/RV32_SoC_Design/src/soc/core/rom.sv:6]
INFO: [Common 17-14] Message 'Synth 8-3848' appears 100 times and further instances of the messages will be disabled. Use the Tcl command set_msg_config to change the current settings.
INFO: [Synth 8-6155] done synthesizing module 'rom' (34#1) [/home/it/Chip_Design/final_microprocessor_soc/RV32_SoC_Design/src/soc/core/rom.sv:1]
INFO: [Synth 8-6155] done synthesizing module 'rv32i_soc' (35#1) [/home/it/Chip_Design/final_microprocessor_soc/RV32_SoC_Design/src/soc/rv32i_soc.sv:2]
WARNING: [Synth 8-6104] Input port 'SW' has an internal driver [/home/it/Chip_Design/final_microprocessor_soc/RV32_SoC_Design/src/soc/rv32i_soc_fpga_top.sv:71]
INFO: [Synth 8-6155] done synthesizing module 'rv32i_soc_fpag_top' (36#1) [/home/it/Chip_Design/final_microprocessor_soc/RV32_SoC_Design/src/soc/rv32i_soc_fpga_top.sv:1]
WARNING: [Synth 8-3331] design data_mem has unconnected port adr_i[31]
WARNING: [Synth 8-3331] design data_mem has unconnected port adr_i[30]
WARNING: [Synth 8-3331] design data_mem has unconnected port adr_i[29]
WARNING: [Synth 8-3331] design data_mem has unconnected port adr_i[28]
WARNING: [Synth 8-3331] design data_mem has unconnected port adr_i[27]
WARNING: [Synth 8-3331] design data_mem has unconnected port adr_i[26]
WARNING: [Synth 8-3331] design data_mem has unconnected port adr_i[25]
WARNING: [Synth 8-3331] design data_mem has unconnected port adr_i[24]
WARNING: [Synth 8-3331] design data_mem has unconnected port adr_i[23]
WARNING: [Synth 8-3331] design data_mem has unconnected port adr_i[22]
WARNING: [Synth 8-3331] design data_mem has unconnected port adr_i[21]
WARNING: [Synth 8-3331] design data_mem has unconnected port adr_i[20]
WARNING: [Synth 8-3331] design data_mem has unconnected port adr_i[19]
WARNING: [Synth 8-3331] design data_mem has unconnected port adr_i[18]
WARNING: [Synth 8-3331] design data_mem has unconnected port adr_i[17]
WARNING: [Synth 8-3331] design data_mem has unconnected port adr_i[16]
WARNING: [Synth 8-3331] design data_mem has unconnected port adr_i[15]
WARNING: [Synth 8-3331] design data_mem has unconnected port adr_i[14]
WARNING: [Synth 8-3331] design data_mem has unconnected port adr_i[13]
WARNING: [Synth 8-3331] design data_mem has unconnected port adr_i[12]
WARNING: [Synth 8-3331] design data_mem has unconnected port adr_i[11]
WARNING: [Synth 8-3331] design data_mem has unconnected port adr_i[10]
WARNING: [Synth 8-3331] design data_mem has unconnected port adr_i[9]
WARNING: [Synth 8-3331] design data_mem has unconnected port adr_i[1]
WARNING: [Synth 8-3331] design data_mem has unconnected port adr_i[0]
WARNING: [Synth 8-3331] design gpio_top has unconnected port wb_err_o
WARNING: [Synth 8-3331] design gpio_top has unconnected port wb_inta_o
WARNING: [Synth 8-3331] design gpio_top has unconnected port wb_adr_i[7]
WARNING: [Synth 8-3331] design gpio_top has unconnected port wb_adr_i[6]
WARNING: [Synth 8-3331] design gpio_top has unconnected port wb_adr_i[5]
WARNING: [Synth 8-3331] design gpio_top has unconnected port wb_adr_i[4]
WARNING: [Synth 8-3331] design gpio_top has unconnected port wb_adr_i[1]
WARNING: [Synth 8-3331] design gpio_top has unconnected port wb_adr_i[0]
WARNING: [Synth 8-3331] design wb_mux has unconnected port wb_rst_i
WARNING: [Synth 8-3331] design imm_gen has unconnected port inst[6]
WARNING: [Synth 8-3331] design imm_gen has unconnected port inst[5]
WARNING: [Synth 8-3331] design imm_gen has unconnected port inst[4]
WARNING: [Synth 8-3331] design imm_gen has unconnected port inst[3]
WARNING: [Synth 8-3331] design imm_gen has unconnected port inst[2]
WARNING: [Synth 8-3331] design imm_gen has unconnected port inst[1]
WARNING: [Synth 8-3331] design imm_gen has unconnected port inst[0]
---------------------------------------------------------------------------------
Finished RTL Elaboration : Time (s): cpu = 00:00:02 ; elapsed = 00:00:02 . Memory (MB): peak = 1833.504 ; gain = 211.469 ; free physical = 7669 ; free virtual = 26822
---------------------------------------------------------------------------------

Report Check Netlist: 
+------+------------------+-------+---------+-------+------------------+
|      |Item              |Errors |Warnings |Status |Description       |
+------+------------------+-------+---------+-------+------------------+
|1     |multi_driven_nets |      0|        0|Passed |Multi driven nets |
+------+------------------+-------+---------+-------+------------------+
---------------------------------------------------------------------------------
Start Handling Custom Attributes
---------------------------------------------------------------------------------
---------------------------------------------------------------------------------
Finished Handling Custom Attributes : Time (s): cpu = 00:00:02 ; elapsed = 00:00:02 . Memory (MB): peak = 1839.441 ; gain = 217.406 ; free physical = 7668 ; free virtual = 26822
---------------------------------------------------------------------------------
---------------------------------------------------------------------------------
Finished RTL Optimization Phase 1 : Time (s): cpu = 00:00:02 ; elapsed = 00:00:02 . Memory (MB): peak = 1839.441 ; gain = 217.406 ; free physical = 7668 ; free virtual = 26822
---------------------------------------------------------------------------------
INFO: [Netlist 29-17] Analyzing 1 Unisim elements for replacement
INFO: [Netlist 29-28] Unisim Transformation completed in 0 CPU seconds
INFO: [Project 1-570] Preparing netlist for logic optimization

Processing XDC Constraints
Initializing timing engine
Parsing XDC File [/home/it/Chip_Design/final_microprocessor_soc/RV32_SoC_Design/project_1/project_1.srcs/constrs_1/new/const.xdc]
Finished Parsing XDC File [/home/it/Chip_Design/final_microprocessor_soc/RV32_SoC_Design/project_1/project_1.srcs/constrs_1/new/const.xdc]
INFO: [Project 1-236] Implementation specific constraints were found while reading constraint file [/home/it/Chip_Design/final_microprocessor_soc/RV32_SoC_Design/project_1/project_1.srcs/constrs_1/new/const.xdc]. These constraints will be ignored for synthesis but will be used in implementation. Impacted constraints are listed in the file [.Xil/rv32i_soc_fpag_top_propImpl.xdc].
Resolution: To avoid this warning, move constraints listed in [.Xil/rv32i_soc_fpag_top_propImpl.xdc] to another XDC file and exclude this new file from synthesis with the used_in_synthesis property (File Properties dialog in GUI) and re-run elaboration/synthesis.
Completed Processing XDC Constraints

Netlist sorting complete. Time (s): cpu = 00:00:00 ; elapsed = 00:00:00 . Memory (MB): peak = 2024.035 ; gain = 0.000 ; free physical = 7646 ; free virtual = 26799
INFO: [Project 1-111] Unisim Transformation Summary:
No Unisim elements were transformed.

Constraint Validation Runtime : Time (s): cpu = 00:00:00.01 ; elapsed = 00:00:00 . Memory (MB): peak = 2024.035 ; gain = 0.000 ; free physical = 7646 ; free virtual = 26799
---------------------------------------------------------------------------------
Finished Constraint Validation : Time (s): cpu = 00:00:05 ; elapsed = 00:00:05 . Memory (MB): peak = 2024.035 ; gain = 402.000 ; free physical = 7691 ; free virtual = 26850
---------------------------------------------------------------------------------
---------------------------------------------------------------------------------
Start Loading Part and Timing Information
---------------------------------------------------------------------------------
Loading part: xc7a100tcsg324-1
---------------------------------------------------------------------------------
Finished Loading Part and Timing Information : Time (s): cpu = 00:00:05 ; elapsed = 00:00:05 . Memory (MB): peak = 2024.035 ; gain = 402.000 ; free physical = 7691 ; free virtual = 26850
---------------------------------------------------------------------------------
---------------------------------------------------------------------------------
Start Applying 'set_property' XDC Constraints
---------------------------------------------------------------------------------
---------------------------------------------------------------------------------
Finished applying 'set_property' XDC Constraints : Time (s): cpu = 00:00:05 ; elapsed = 00:00:05 . Memory (MB): peak = 2024.035 ; gain = 402.000 ; free physical = 7691 ; free virtual = 26850
---------------------------------------------------------------------------------
---------------------------------------------------------------------------------
Finished RTL Optimization Phase 2 : Time (s): cpu = 00:00:05 ; elapsed = 00:00:06 . Memory (MB): peak = 2024.035 ; gain = 402.000 ; free physical = 7684 ; free virtual = 26844
---------------------------------------------------------------------------------

Report RTL Partitions: 
+-+--------------+------------+----------+
| |RTL Partition |Replication |Instances |
+-+--------------+------------+----------+
+-+--------------+------------+----------+
---------------------------------------------------------------------------------
Start RTL Component Statistics 
---------------------------------------------------------------------------------
Detailed RTL Component Info : 
+---Adders : 
	   3 Input     32 Bit       Adders := 1     
	   2 Input     32 Bit       Adders := 2     
+---XORs : 
	   2 Input     32 Bit         XORs := 2     
+---Registers : 
	              190 Bit    Registers := 1     
	              180 Bit    Registers := 1     
	               96 Bit    Registers := 1     
	               64 Bit    Registers := 1     
	               39 Bit    Registers := 1     
	               32 Bit    Registers := 39    
	                5 Bit    Registers := 1     
	                3 Bit    Registers := 1     
	                1 Bit    Registers := 5     
+---RAMs : 
	               4K Bit         RAMs := 2     
+---Muxes : 
	   2 Input    190 Bit        Muxes := 1     
	   2 Input    180 Bit        Muxes := 1     
	   2 Input     96 Bit        Muxes := 1     
	   2 Input     64 Bit        Muxes := 1     
	   2 Input     39 Bit        Muxes := 1     
	   2 Input     32 Bit        Muxes := 29    
	   9 Input     32 Bit        Muxes := 1     
	  11 Input     32 Bit        Muxes := 1     
	   4 Input     32 Bit        Muxes := 1     
	   2 Input     24 Bit        Muxes := 1     
	   2 Input     16 Bit        Muxes := 2     
	   2 Input     11 Bit        Muxes := 1     
	   2 Input      8 Bit        Muxes := 3     
	   4 Input      8 Bit        Muxes := 1     
	  11 Input      4 Bit        Muxes := 1     
	   7 Input      4 Bit        Muxes := 1     
	   5 Input      3 Bit        Muxes := 1     
	   2 Input      1 Bit        Muxes := 39    
	   7 Input      1 Bit        Muxes := 1     
---------------------------------------------------------------------------------
Finished RTL Component Statistics 
---------------------------------------------------------------------------------
---------------------------------------------------------------------------------
Start RTL Hierarchical Component Statistics 
---------------------------------------------------------------------------------
Hierarchical RTL Component report 
Module clk_div_by_2 
Detailed RTL Component Info : 
+---Registers : 
	                1 Bit    Registers := 1     
Module program_counter 
Detailed RTL Component Info : 
+---Registers : 
	               32 Bit    Registers := 1     
Module mux2x1 
Detailed RTL Component Info : 
+---Muxes : 
	   2 Input     32 Bit        Muxes := 1     
Module n_bit_reg 
Detailed RTL Component Info : 
+---Registers : 
	                1 Bit    Registers := 1     
Module n_bit_reg_wclr 
Detailed RTL Component Info : 
+---Registers : 
	               64 Bit    Registers := 1     
+---Muxes : 
	   2 Input     64 Bit        Muxes := 1     
	   2 Input      1 Bit        Muxes := 1     
Module n_bit_reg_wclr__parameterized0 
Detailed RTL Component Info : 
+---Registers : 
	               32 Bit    Registers := 1     
+---Muxes : 
	   2 Input     32 Bit        Muxes := 1     
	   2 Input      1 Bit        Muxes := 1     
Module n_bit_reg_wclr__parameterized1 
Detailed RTL Component Info : 
+---Registers : 
	               96 Bit    Registers := 1     
+---Muxes : 
	   2 Input     96 Bit        Muxes := 1     
	   2 Input      1 Bit        Muxes := 1     
Module reg_file 
Detailed RTL Component Info : 
+---Registers : 
	               32 Bit    Registers := 32    
+---Muxes : 
	   2 Input      1 Bit        Muxes := 32    
Module mux2x1__parameterized0 
Detailed RTL Component Info : 
+---Muxes : 
	   2 Input      8 Bit        Muxes := 1     
Module mux2x1__parameterized1 
Detailed RTL Component Info : 
+---Muxes : 
	   2 Input     11 Bit        Muxes := 1     
Module n_bit_reg_wclr__parameterized2 
Detailed RTL Component Info : 
+---Registers : 
	              190 Bit    Registers := 1     
+---Muxes : 
	   2 Input    190 Bit        Muxes := 1     
	   2 Input      1 Bit        Muxes := 1     
Module n_bit_add_sub 
Detailed RTL Component Info : 
+---Adders : 
	   3 Input     32 Bit       Adders := 1     
+---XORs : 
	   2 Input     32 Bit         XORs := 1     
Module alu 
Detailed RTL Component Info : 
+---XORs : 
	   2 Input     32 Bit         XORs := 1     
+---Muxes : 
	   9 Input     32 Bit        Muxes := 1     
	  11 Input     32 Bit        Muxes := 1     
	  11 Input      4 Bit        Muxes := 1     
Module n_bit_reg_wclr__parameterized3 
Detailed RTL Component Info : 
+---Registers : 
	              180 Bit    Registers := 1     
+---Muxes : 
	   2 Input    180 Bit        Muxes := 1     
	   2 Input      1 Bit        Muxes := 1     
Module n_bit_reg_wclr__parameterized4 
Detailed RTL Component Info : 
+---Registers : 
	               39 Bit    Registers := 1     
+---Muxes : 
	   2 Input     39 Bit        Muxes := 1     
	   2 Input      1 Bit        Muxes := 1     
Module data_path 
Detailed RTL Component Info : 
+---Adders : 
	   2 Input     32 Bit       Adders := 2     
+---Muxes : 
	   2 Input     32 Bit        Muxes := 1     
Module alu_control 
Detailed RTL Component Info : 
+---Muxes : 
	   7 Input      4 Bit        Muxes := 1     
	   2 Input      1 Bit        Muxes := 1     
Module branch_controller 
Detailed RTL Component Info : 
+---Muxes : 
	   7 Input      1 Bit        Muxes := 1     
Module n_bit_reg__parameterized0 
Detailed RTL Component Info : 
+---Registers : 
	                5 Bit    Registers := 1     
Module mux4x1 
Detailed RTL Component Info : 
+---Muxes : 
	   4 Input      8 Bit        Muxes := 1     
Module mux2x1__parameterized2 
Detailed RTL Component Info : 
+---Muxes : 
	   2 Input     24 Bit        Muxes := 1     
Module mux2x1__parameterized3 
Detailed RTL Component Info : 
+---Muxes : 
	   2 Input     16 Bit        Muxes := 1     
Module mux4x1__parameterized0 
Detailed RTL Component Info : 
+---Muxes : 
	   4 Input     32 Bit        Muxes := 1     
Module wb_mux 
Detailed RTL Component Info : 
+---Registers : 
	                3 Bit    Registers := 1     
	                1 Bit    Registers := 1     
+---Muxes : 
	   5 Input      3 Bit        Muxes := 1     
Module gpio_top 
Detailed RTL Component Info : 
+---Registers : 
	               32 Bit    Registers := 2     
+---Muxes : 
	   2 Input     32 Bit        Muxes := 5     
Module n_bit_reg__parameterized1 
Detailed RTL Component Info : 
+---Registers : 
	               32 Bit    Registers := 1     
Module data_mem 
Detailed RTL Component Info : 
+---RAMs : 
	               4K Bit         RAMs := 1     
+---Muxes : 
	   2 Input     32 Bit        Muxes := 6     
	   2 Input      8 Bit        Muxes := 1     
Module rv32i_soc 
Detailed RTL Component Info : 
+---Registers : 
	                1 Bit    Registers := 1     
+---Muxes : 
	   2 Input     32 Bit        Muxes := 1     
---------------------------------------------------------------------------------
Finished RTL Hierarchical Component Statistics
---------------------------------------------------------------------------------
---------------------------------------------------------------------------------
Start Part Resource Summary
---------------------------------------------------------------------------------
Part Resources:
DSPs: 240 (col length:80)
BRAMs: 270 (col length: RAMB18 80 RAMB36 40)
---------------------------------------------------------------------------------
Finished Part Resource Summary
---------------------------------------------------------------------------------
---------------------------------------------------------------------------------
Start Cross Boundary and Area Optimization
---------------------------------------------------------------------------------
Warning: Parallel synthesis criteria is not met 
WARNING: [Synth 8-6014] Unused sequential element soc_inst/data_mem_inst/dmem_reg was removed. 
WARNING: [Synth 8-3331] design rom has unconnected port addr[11]
WARNING: [Synth 8-3331] design rom has unconnected port addr[10]
WARNING: [Synth 8-3331] design rom has unconnected port addr[9]
WARNING: [Synth 8-3331] design rom has unconnected port addr[1]
WARNING: [Synth 8-3331] design rom has unconnected port addr[0]
WARNING: [Synth 8-3331] design imm_gen has unconnected port inst[6]
WARNING: [Synth 8-3331] design imm_gen has unconnected port inst[5]
WARNING: [Synth 8-3331] design imm_gen has unconnected port inst[4]
WARNING: [Synth 8-3331] design imm_gen has unconnected port inst[3]
WARNING: [Synth 8-3331] design imm_gen has unconnected port inst[2]
WARNING: [Synth 8-3331] design imm_gen has unconnected port inst[1]
WARNING: [Synth 8-3331] design imm_gen has unconnected port inst[0]
INFO: [Synth 8-3886] merging instance 'soc_inst/processor_core/data_path_inst/if1_if2_reg/n_bit_reg_reg[0]' (FDCE) to 'soc_inst/processor_core/data_path_inst/if1_if2_reg/n_bit_reg_reg[32]'
INFO: [Synth 8-3886] merging instance 'soc_inst/rom_inst_reg/n_bit_reg_reg[0]' (FDCE) to 'soc_inst/rom_inst_reg/n_bit_reg_reg[1]'
INFO: [Synth 8-3886] merging instance 'soc_inst/rom_inst_reg/n_bit_reg_reg[14]' (FDCE) to 'soc_inst/rom_inst_reg/n_bit_reg_reg[19]'
INFO: [Synth 8-3886] merging instance 'soc_inst/processor_core/data_path_inst/if_id_reg/n_bit_reg_reg[32]' (FDCE) to 'soc_inst/processor_core/data_path_inst/if_id_reg/n_bit_reg_reg[64]'
INFO: [Synth 8-3886] merging instance 'soc_inst/processor_core/data_path_inst/id_exe_reg/n_bit_reg_reg[126]' (FDCE) to 'soc_inst/processor_core/data_path_inst/id_exe_reg/n_bit_reg_reg[158]'
INFO: [Synth 8-3886] merging instance 'soc_inst/rom_inst_reg/n_bit_reg_reg[26]' (FDCE) to 'soc_inst/rom_inst_reg/n_bit_reg_reg[30]'
INFO: [Synth 8-3886] merging instance 'soc_inst/rom_inst_reg/n_bit_reg_reg[31]' (FDCE) to 'soc_inst/rom_inst_reg/n_bit_reg_reg[30]'
---------------------------------------------------------------------------------
Finished Cross Boundary and Area Optimization : Time (s): cpu = 00:00:08 ; elapsed = 00:00:09 . Memory (MB): peak = 2024.035 ; gain = 402.000 ; free physical = 7658 ; free virtual = 26806
---------------------------------------------------------------------------------
---------------------------------------------------------------------------------
Start ROM, RAM, DSP and Shift Register Reporting
---------------------------------------------------------------------------------

Block RAM: Preliminary Mapping  Report (see note below)
+-------------------+---------------------------------+------------------------+---+---+------------------------+---+---+------------------+--------+--------+
|Module Name        | RTL Object                      | PORT A (Depth x Width) | W | R | PORT B (Depth x Width) | W | R | Ports driving FF | RAMB18 | RAMB36 | 
+-------------------+---------------------------------+------------------------+---+---+------------------------+---+---+------------------+--------+--------+
|rv32i_soc_fpag_top | soc_inst/inst_mem_inst/dmem_reg | 128 x 32(READ_FIRST)   | W |   | 128 x 32(WRITE_FIRST)  |   | R | Port A and B     | 1      | 0      | 
+-------------------+---------------------------------+------------------------+---+---+------------------------+---+---+------------------+--------+--------+

Note: The table above is a preliminary report that shows the Block RAMs at the current stage of the synthesis flow. Some Block RAMs may be reimplemented as non Block RAM primitives later in the synthesis flow. Multiple instantiated Block RAMs are reported only once. 
---------------------------------------------------------------------------------
Finished ROM, RAM, DSP and Shift Register Reporting
---------------------------------------------------------------------------------
INFO: [Synth 8-6837] The timing for the instance i_39/soc_inst/inst_mem_inst/dmem_reg (implemented as a Block RAM) might be sub-optimal as no optional output register could be merged into the block ram. Providing additional output register may help in improving timing.

Report RTL Partitions: 
+-+--------------+------------+----------+
| |RTL Partition |Replication |Instances |
+-+--------------+------------+----------+
+-+--------------+------------+----------+
---------------------------------------------------------------------------------
Start Applying XDC Timing Constraints
---------------------------------------------------------------------------------
---------------------------------------------------------------------------------
Finished Applying XDC Timing Constraints : Time (s): cpu = 00:00:11 ; elapsed = 00:00:12 . Memory (MB): peak = 2024.035 ; gain = 402.000 ; free physical = 7569 ; free virtual = 26699
---------------------------------------------------------------------------------
---------------------------------------------------------------------------------
Start Timing Optimization
---------------------------------------------------------------------------------
---------------------------------------------------------------------------------
Finished Timing Optimization : Time (s): cpu = 00:00:11 ; elapsed = 00:00:12 . Memory (MB): peak = 2024.035 ; gain = 402.000 ; free physical = 7555 ; free virtual = 26686
---------------------------------------------------------------------------------
---------------------------------------------------------------------------------
Start ROM, RAM, DSP and Shift Register Reporting
---------------------------------------------------------------------------------

Block RAM: Final Mapping  Report
+-------------------+---------------------------------+------------------------+---+---+------------------------+---+---+------------------+--------+--------+
|Module Name        | RTL Object                      | PORT A (Depth x Width) | W | R | PORT B (Depth x Width) | W | R | Ports driving FF | RAMB18 | RAMB36 | 
+-------------------+---------------------------------+------------------------+---+---+------------------------+---+---+------------------+--------+--------+
|rv32i_soc_fpag_top | soc_inst/inst_mem_inst/dmem_reg | 128 x 32(READ_FIRST)   | W |   | 128 x 32(WRITE_FIRST)  |   | R | Port A and B     | 1      | 0      | 
+-------------------+---------------------------------+------------------------+---+---+------------------------+---+---+------------------+--------+--------+

---------------------------------------------------------------------------------
Finished ROM, RAM, DSP and Shift Register Reporting
---------------------------------------------------------------------------------

Report RTL Partitions: 
+-+--------------+------------+----------+
| |RTL Partition |Replication |Instances |
+-+--------------+------------+----------+
+-+--------------+------------+----------+
---------------------------------------------------------------------------------
Start Technology Mapping
---------------------------------------------------------------------------------
INFO: [Synth 8-3333] propagating constant 0 across sequential element (\soc_inst/processor_core/data_path_inst/reg_file_inst/reg_file_reg[0][17] )
INFO: [Synth 8-3333] propagating constant 0 across sequential element (\soc_inst/processor_core/data_path_inst/reg_file_inst/reg_file_reg[0][25] )
INFO: [Synth 8-3333] propagating constant 0 across sequential element (\soc_inst/processor_core/data_path_inst/reg_file_inst/reg_file_reg[0][18] )
INFO: [Synth 8-3333] propagating constant 0 across sequential element (\soc_inst/processor_core/data_path_inst/reg_file_inst/reg_file_reg[0][26] )
INFO: [Synth 8-3333] propagating constant 0 across sequential element (\soc_inst/processor_core/data_path_inst/reg_file_inst/reg_file_reg[0][21] )
INFO: [Synth 8-3333] propagating constant 0 across sequential element (\soc_inst/processor_core/data_path_inst/reg_file_inst/reg_file_reg[0][29] )
INFO: [Synth 8-3333] propagating constant 0 across sequential element (\soc_inst/processor_core/data_path_inst/reg_file_inst/reg_file_reg[0][22] )
INFO: [Synth 8-3333] propagating constant 0 across sequential element (\soc_inst/processor_core/data_path_inst/reg_file_inst/reg_file_reg[0][30] )
INFO: [Synth 8-3333] propagating constant 0 across sequential element (\soc_inst/processor_core/data_path_inst/reg_file_inst/reg_file_reg[0][19] )
INFO: [Synth 8-3333] propagating constant 0 across sequential element (\soc_inst/processor_core/data_path_inst/reg_file_inst/reg_file_reg[0][27] )
INFO: [Synth 8-3333] propagating constant 0 across sequential element (\soc_inst/processor_core/data_path_inst/reg_file_inst/reg_file_reg[0][20] )
INFO: [Synth 8-3333] propagating constant 0 across sequential element (\soc_inst/processor_core/data_path_inst/reg_file_inst/reg_file_reg[0][28] )
INFO: [Synth 8-3333] propagating constant 0 across sequential element (\soc_inst/processor_core/data_path_inst/reg_file_inst/reg_file_reg[0][23] )
INFO: [Synth 8-3333] propagating constant 0 across sequential element (\soc_inst/processor_core/data_path_inst/reg_file_inst/reg_file_reg[0][24] )
INFO: [Synth 8-3333] propagating constant 0 across sequential element (\soc_inst/processor_core/data_path_inst/reg_file_inst/reg_file_reg[0][16] )
INFO: [Synth 8-3333] propagating constant 0 across sequential element (\soc_inst/processor_core/data_path_inst/reg_file_inst/reg_file_reg[0][31] )
INFO: [Synth 8-3333] propagating constant 0 across sequential element (\soc_inst/processor_core/data_path_inst/reg_file_inst/reg_file_reg[0][8] )
INFO: [Synth 8-3333] propagating constant 0 across sequential element (\soc_inst/processor_core/data_path_inst/reg_file_inst/reg_file_reg[0][9] )
INFO: [Synth 8-3333] propagating constant 0 across sequential element (\soc_inst/processor_core/data_path_inst/reg_file_inst/reg_file_reg[0][10] )
INFO: [Synth 8-3333] propagating constant 0 across sequential element (\soc_inst/processor_core/data_path_inst/reg_file_inst/reg_file_reg[0][11] )
INFO: [Synth 8-3333] propagating constant 0 across sequential element (\soc_inst/processor_core/data_path_inst/reg_file_inst/reg_file_reg[0][12] )
INFO: [Synth 8-3333] propagating constant 0 across sequential element (\soc_inst/processor_core/data_path_inst/reg_file_inst/reg_file_reg[0][13] )
INFO: [Synth 8-3333] propagating constant 0 across sequential element (\soc_inst/processor_core/data_path_inst/reg_file_inst/reg_file_reg[0][14] )
INFO: [Synth 8-3333] propagating constant 0 across sequential element (\soc_inst/processor_core/data_path_inst/reg_file_inst/reg_file_reg[0][15] )
INFO: [Synth 8-3333] propagating constant 0 across sequential element (\soc_inst/processor_core/data_path_inst/reg_file_inst/reg_file_reg[0][0] )
INFO: [Synth 8-3333] propagating constant 0 across sequential element (\soc_inst/processor_core/data_path_inst/reg_file_inst/reg_file_reg[0][1] )
INFO: [Synth 8-3333] propagating constant 0 across sequential element (\soc_inst/processor_core/data_path_inst/reg_file_inst/reg_file_reg[0][2] )
INFO: [Synth 8-3333] propagating constant 0 across sequential element (\soc_inst/processor_core/data_path_inst/reg_file_inst/reg_file_reg[0][3] )
INFO: [Synth 8-3333] propagating constant 0 across sequential element (\soc_inst/processor_core/data_path_inst/reg_file_inst/reg_file_reg[0][4] )
INFO: [Synth 8-3333] propagating constant 0 across sequential element (\soc_inst/processor_core/data_path_inst/reg_file_inst/reg_file_reg[0][5] )
INFO: [Synth 8-3333] propagating constant 0 across sequential element (\soc_inst/processor_core/data_path_inst/reg_file_inst/reg_file_reg[0][6] )
INFO: [Synth 8-3333] propagating constant 0 across sequential element (\soc_inst/processor_core/data_path_inst/reg_file_inst/reg_file_reg[0][7] )
INFO: [Synth 8-6837] The timing for the instance soc_inst/inst_mem_inst/dmem_reg (implemented as a Block RAM) might be sub-optimal as no optional output register could be merged into the block ram. Providing additional output register may help in improving timing.
---------------------------------------------------------------------------------
Finished Technology Mapping : Time (s): cpu = 00:00:12 ; elapsed = 00:00:13 . Memory (MB): peak = 2024.035 ; gain = 402.000 ; free physical = 7561 ; free virtual = 26687
---------------------------------------------------------------------------------

Report RTL Partitions: 
+-+--------------+------------+----------+
| |RTL Partition |Replication |Instances |
+-+--------------+------------+----------+
+-+--------------+------------+----------+
---------------------------------------------------------------------------------
Start IO Insertion
---------------------------------------------------------------------------------
---------------------------------------------------------------------------------
Start Flattening Before IO Insertion
---------------------------------------------------------------------------------
---------------------------------------------------------------------------------
Finished Flattening Before IO Insertion
---------------------------------------------------------------------------------
---------------------------------------------------------------------------------
Start Final Netlist Cleanup
---------------------------------------------------------------------------------
---------------------------------------------------------------------------------
Finished Final Netlist Cleanup
---------------------------------------------------------------------------------
---------------------------------------------------------------------------------
Finished IO Insertion : Time (s): cpu = 00:00:12 ; elapsed = 00:00:14 . Memory (MB): peak = 2024.035 ; gain = 402.000 ; free physical = 7574 ; free virtual = 26690
---------------------------------------------------------------------------------

Report Check Netlist: 
+------+------------------+-------+---------+-------+------------------+
|      |Item              |Errors |Warnings |Status |Description       |
+------+------------------+-------+---------+-------+------------------+
|1     |multi_driven_nets |      0|        0|Passed |Multi driven nets |
+------+------------------+-------+---------+-------+------------------+
---------------------------------------------------------------------------------
Start Renaming Generated Instances
---------------------------------------------------------------------------------
---------------------------------------------------------------------------------
Finished Renaming Generated Instances : Time (s): cpu = 00:00:12 ; elapsed = 00:00:14 . Memory (MB): peak = 2024.035 ; gain = 402.000 ; free physical = 7574 ; free virtual = 26690
---------------------------------------------------------------------------------

Report RTL Partitions: 
+-+--------------+------------+----------+
| |RTL Partition |Replication |Instances |
+-+--------------+------------+----------+
+-+--------------+------------+----------+
---------------------------------------------------------------------------------
Start Rebuilding User Hierarchy
---------------------------------------------------------------------------------
---------------------------------------------------------------------------------
Finished Rebuilding User Hierarchy : Time (s): cpu = 00:00:12 ; elapsed = 00:00:14 . Memory (MB): peak = 2024.035 ; gain = 402.000 ; free physical = 7578 ; free virtual = 26694
---------------------------------------------------------------------------------
---------------------------------------------------------------------------------
Start Renaming Generated Ports
---------------------------------------------------------------------------------
---------------------------------------------------------------------------------
Finished Renaming Generated Ports : Time (s): cpu = 00:00:12 ; elapsed = 00:00:14 . Memory (MB): peak = 2024.035 ; gain = 402.000 ; free physical = 7578 ; free virtual = 26694
---------------------------------------------------------------------------------
---------------------------------------------------------------------------------
Start Handling Custom Attributes
---------------------------------------------------------------------------------
---------------------------------------------------------------------------------
Finished Handling Custom Attributes : Time (s): cpu = 00:00:12 ; elapsed = 00:00:14 . Memory (MB): peak = 2024.035 ; gain = 402.000 ; free physical = 7578 ; free virtual = 26694
---------------------------------------------------------------------------------
---------------------------------------------------------------------------------
Start Renaming Generated Nets
---------------------------------------------------------------------------------
---------------------------------------------------------------------------------
Finished Renaming Generated Nets : Time (s): cpu = 00:00:12 ; elapsed = 00:00:14 . Memory (MB): peak = 2024.035 ; gain = 402.000 ; free physical = 7578 ; free virtual = 26694
---------------------------------------------------------------------------------
---------------------------------------------------------------------------------
Start Writing Synthesis Report
---------------------------------------------------------------------------------

Report BlackBoxes: 
+-+--------------+----------+
| |BlackBox name |Instances |
+-+--------------+----------+
+-+--------------+----------+

Report Cell Usage: 
+------+----------+------+
|      |Cell      |Count |
+------+----------+------+
|1     |BUFG      |     2|
|2     |CARRY4    |    28|
|3     |LUT1      |     3|
|4     |LUT2      |   463|
|5     |LUT3      |   224|
|6     |LUT4      |   134|
|7     |LUT5      |   356|
|8     |LUT6      |  1031|
|9     |MUXF7     |   308|
|10    |MUXF8     |   131|
|11    |RAMB18E1  |     1|
|12    |STARTUPE2 |     1|
|13    |FDCE      |  1662|
|14    |FDPE      |    20|
|15    |FDRE      |     4|
|16    |IBUF      |     2|
|17    |OBUF      |    16|
+------+----------+------+

Report Instance Areas: 
+------+---------------------------------+-------------------------------+------+
|      |Instance                         |Module                         |Cells |
+------+---------------------------------+-------------------------------+------+
|1     |top                              |                               |  4386|
|2     |  gen_core_clk                   |clk_div_by_2                   |     2|
|3     |  soc_inst                       |rv32i_soc                      |  4362|
|4     |    gpio_inst                    |gpio_top                       |    16|
|5     |    inst_mem_inst                |data_mem                       |    33|
|6     |    interconnect_inst            |wb_intercon                    |     3|
|7     |      wb_mux_io                  |wb_mux                         |     3|
|8     |    processor_core               |rv32i                          |  4220|
|9     |      controller_inst            |control_unit                   |     4|
|10    |        alu_controller_inst      |alu_control                    |     4|
|11    |      data_path_inst             |data_path                      |  4189|
|12    |        if_id_reg_clr_ff_inst    |n_bit_reg                      |     1|
|13    |        if_id_reg_en_ff_inst     |n_bit_reg_2                    |     1|
|14    |        alu_inst                 |alu                            |    14|
|15    |          add_sub_unit           |n_bit_add_sub                  |     8|
|16    |        PC_inst                  |program_counter                |    81|
|17    |        alu_op1_mux              |mux2x1_0                       |    91|
|18    |        alu_op2_mux              |mux2x1_1                       |    21|
|19    |        exe_mem_reg              |n_bit_reg_wclr__parameterized3 |   263|
|20    |        id_exe_reg               |n_bit_reg_wclr__parameterized2 |  1023|
|21    |        if1_if2_reg              |n_bit_reg_wclr                 |   126|
|22    |        if2_reg                  |n_bit_reg_wclr__parameterized0 |    76|
|23    |        if_id_reg                |n_bit_reg_wclr__parameterized1 |   248|
|24    |        jalr_pc_mux              |mux2x1_3                       |    31|
|25    |        mem_stage_result_sel_mux |one_hot_mux3x1__parameterized0 |    32|
|26    |        mem_wb_reg               |n_bit_reg_wclr__parameterized4 |   178|
|27    |        next_pc_mux              |mux2x1_4                       |    32|
|28    |        reg_file_inst            |reg_file                       |  1889|
|29    |        write_back_mux           |mux2x1_5                       |    64|
|30    |    rom_imem_inst_sel_mux        |mux2x1                         |    32|
|31    |    rom_inst_reg                 |n_bit_reg__parameterized1      |    28|
|32    |    rom_instance                 |rom                            |    29|
+------+---------------------------------+-------------------------------+------+
---------------------------------------------------------------------------------
Finished Writing Synthesis Report : Time (s): cpu = 00:00:12 ; elapsed = 00:00:14 . Memory (MB): peak = 2024.035 ; gain = 402.000 ; free physical = 7578 ; free virtual = 26694
---------------------------------------------------------------------------------
Synthesis finished with 0 errors, 0 critical warnings and 13 warnings.
Synthesis Optimization Runtime : Time (s): cpu = 00:00:11 ; elapsed = 00:00:13 . Memory (MB): peak = 2024.035 ; gain = 217.406 ; free physical = 7578 ; free virtual = 26693
Synthesis Optimization Complete : Time (s): cpu = 00:00:13 ; elapsed = 00:00:14 . Memory (MB): peak = 2024.035 ; gain = 402.000 ; free physical = 7578 ; free virtual = 26693
INFO: [Project 1-571] Translating synthesized netlist
INFO: [Netlist 29-17] Analyzing 469 Unisim elements for replacement
INFO: [Netlist 29-28] Unisim Transformation completed in 0 CPU seconds
INFO: [Project 1-570] Preparing netlist for logic optimization
INFO: [Opt 31-138] Pushed 0 inverter(s) to 0 load pin(s).
Netlist sorting complete. Time (s): cpu = 00:00:00 ; elapsed = 00:00:00 . Memory (MB): peak = 2029.973 ; gain = 0.000 ; free physical = 7585 ; free virtual = 26701
INFO: [Project 1-111] Unisim Transformation Summary:
No Unisim elements were transformed.

INFO: [Common 17-83] Releasing license: Synthesis
162 Infos, 166 Warnings, 0 Critical Warnings and 0 Errors encountered.
synth_design completed successfully
synth_design: Time (s): cpu = 00:00:15 ; elapsed = 00:00:16 . Memory (MB): peak = 2029.973 ; gain = 646.852 ; free physical = 7586 ; free virtual = 26701
Netlist sorting complete. Time (s): cpu = 00:00:00 ; elapsed = 00:00:00 . Memory (MB): peak = 2029.973 ; gain = 0.000 ; free physical = 7586 ; free virtual = 26701
WARNING: [Constraints 18-5210] No constraints selected for write.
Resolution: This message can indicate that there are no constraints for the design, or it can indicate that the used_in flags are set such that the constraints are ignored. This later case is used when running synth_design to not write synthesis constraints to the resulting checkpoint. Instead, project constraints are read when the synthesized design is opened.
INFO: [Common 17-1381] The checkpoint '/home/it/Chip_Design/final_microprocessor_soc/RV32_SoC_Design/project_1/project_1.runs/synth_1/rv32i_soc_fpag_top.dcp' has been generated.
INFO: [runtcl-4] Executing : report_utilization -file rv32i_soc_fpag_top_utilization_synth.rpt -pb rv32i_soc_fpag_top_utilization_synth.pb
INFO: [Common 17-206] Exiting Vivado at Wed Feb 19 11:08:02 2025...
